Android3/Android3/app/build/outputs/logs/manifest-merger-x86-debug-report.txt
-- Merging decision tree log ---
manifest
ADDED from src\main\AndroidManifest.xml:2:1-18:12
	package
		ADDED from src\main\AndroidManifest.xml:3:11-33
		INJECTED from src\main\AndroidManifest.xml
		INJECTED from src\main\AndroidManifest.xml
	android:versionName
		ADDED from src\main\AndroidManifest.xml:5:11-36
		INJECTED from src\main\AndroidManifest.xml
		INJECTED from src\main\AndroidManifest.xml
	android:versionCode
		ADDED from src\main\AndroidManifest.xml:4:11-34
		INJECTED from src\main\AndroidManifest.xml
		INJECTED from src\main\AndroidManifest.xml
	xmlns:android
		ADDED from src\main\AndroidManifest.xml:2:11-69
application
ADDED from src\main\AndroidManifest.xml:6:2-17:16
	android:label
		ADDED from src\main\AndroidManifest.xml:8:3-35
	android:allowBackup
		ADDED from src\main\AndroidManifest.xml:7:3-30
activity#com.Android3.Android3
ADDED from src\main\AndroidManifest.xml:9:3-15:14
	android:label
		ADDED from src\main\AndroidManifest.xml:10:7-39
	android:name
		ADDED from src\main\AndroidManifest.xml:9:13-37
intent-filter#android.intent.action.MAIN+android.intent.category.LAUNCHER
ADDED from src\main\AndroidManifest.xml:11:4-14:20
action#android.intent.action.MAIN
ADDED from src\main\AndroidManifest.xml:12:5-57
	android:name
		ADDED from src\main\AndroidManifest.xml:12:13-54
category#android.intent.category.LAUNCHER
ADDED from src\main\AndroidManifest.xml:13:5-65
	android:name
		ADDED from src\main\AndroidManifest.xml:13:15-62
uses-sdk
INJECTED from src\main\AndroidManifest.xml reason: use-sdk injection requested
	android:targetSdkVersion
		INJECTED from src\main\AndroidManifest.xml
		INJECTED from src\main\AndroidManifest.xml
	android:minSdkVersion
		INJECTED from src\main\AndroidManifest.xml
		INJECTED from src\main\AndroidManifest.xml